c:\users\tristyn\documents\visual studio projects\phantomengine2d\phantomengine2d\x64\debug\vc143.pdb
c:\users\tristyn\documents\visual studio projects\phantomengine2d\phantomengine2d\x64\debug\vc143.idb
c:\users\tristyn\documents\visual studio projects\phantomengine2d\phantomengine2d\x64\debug\scene.obj
c:\users\tristyn\documents\visual studio projects\phantomengine2d\phantomengine2d\x64\debug\projectmanager.obj
c:\users\tristyn\documents\visual studio projects\phantomengine2d\phantomengine2d\x64\debug\movebehaviour.obj
c:\users\tristyn\documents\visual studio projects\phantomengine2d\phantomengine2d\x64\debug\phantomengine2d.obj
c:\users\tristyn\documents\visual studio projects\phantomengine2d\phantomengine2d\x64\debug\imguifiledialog.obj
c:\users\tristyn\documents\visual studio projects\phantomengine2d\phantomengine2d\x64\debug\imgui_widgets.obj
c:\users\tristyn\documents\visual studio projects\phantomengine2d\phantomengine2d\x64\debug\imgui_tables.obj
c:\users\tristyn\documents\visual studio projects\phantomengine2d\phantomengine2d\x64\debug\imgui_impl_sdlrenderer.obj
c:\users\tristyn\documents\visual studio projects\phantomengine2d\phantomengine2d\x64\debug\imgui_impl_sdl2.obj
c:\users\tristyn\documents\visual studio projects\phantomengine2d\phantomengine2d\x64\debug\imgui_draw.obj
c:\users\tristyn\documents\visual studio projects\phantomengine2d\phantomengine2d\x64\debug\imgui_demo.obj
c:\users\tristyn\documents\visual studio projects\phantomengine2d\phantomengine2d\x64\debug\imgui.obj
c:\users\tristyn\documents\visual studio projects\phantomengine2d\phantomengine2d\x64\debug\gameobject.obj
c:\users\tristyn\documents\visual studio projects\phantomengine2d\phantomengine2d\x64\debug\enginefonts.obj
c:\users\tristyn\documents\visual studio projects\phantomengine2d\phantomengine2d\x64\debug\editorwindow.obj
c:\users\tristyn\documents\visual studio projects\phantomengine2d\phantomengine2d\x64\debug\consolelogger.obj
c:\users\tristyn\documents\visual studio projects\phantomengine2d\phantomengine2d\x64\debug\rigidbodybehaviour.obj
c:\users\tristyn\documents\visual studio projects\phantomengine2d\phantomengine2d\x64\debug\colliderbehaviour.obj
c:\users\tristyn\documents\visual studio projects\phantomengine2d\phantomengine2d\x64\debug\behaviour.obj
c:\users\tristyn\documents\visual studio projects\phantomengine2d\phantomengine2d\x64\debug\behaviournodeeditor.obj
c:\users\tristyn\documents\visual studio projects\phantomengine2d\phantomengine2d\x64\debug\spriteeditorwindow.obj
c:\users\tristyn\documents\visual studio projects\phantomengine2d\phantomengine2d\x64\debug\scenemanager.obj
c:\users\tristyn\documents\visual studio projects\phantomengine2d\phantomengine2d\x64\debug\eventsheeteditor.obj
c:\users\tristyn\documents\visual studio projects\phantomengine2d\phantomengine2d\x64\debug\textbehaviour.obj
c:\users\tristyn\documents\visual studio projects\phantomengine2d\phantomengine2d\x64\debug\gamewindow.obj
c:\users\tristyn\documents\visual studio projects\phantomengine2d\phantomengine2d\x64\debug\paddlemovebehaviour.obj
c:\users\tristyn\documents\visual studio projects\phantomengine2d\phantomengine2d\x64\debug\enemypaddlemovebehaviour.obj
c:\users\tristyn\documents\visual studio projects\phantomengine2d\phantomengine2d\x64\debug\ballmovementbehaviour.obj
c:\users\tristyn\documents\visual studio projects\phantomengine2d\phantomengine2d\x64\debug\ballcolliderbehaviour.obj
c:\users\tristyn\documents\visual studio projects\phantomengine2d\phantomengine2d\x64\debug\scriptcompiler.obj
c:\users\tristyn\documents\visual studio projects\phantomengine2d\x64\debug\phantomengine2d.lib
c:\users\tristyn\documents\visual studio projects\phantomengine2d\x64\debug\phantomengine2d.exp
c:\users\tristyn\documents\visual studio projects\phantomengine2d\phantomengine2d\x64\debug\eventsheeteditor.obj.enc
c:\users\tristyn\documents\visual studio projects\phantomengine2d\x64\debug\phantomengine2d.pdb
c:\users\tristyn\documents\visual studio projects\phantomengine2d\phantomengine2d\x64\debug\phantomengine2d.tlog\cl.command.1.tlog
c:\users\tristyn\documents\visual studio projects\phantomengine2d\phantomengine2d\x64\debug\phantomengine2d.tlog\cl.read.1.tlog
c:\users\tristyn\documents\visual studio projects\phantomengine2d\phantomengine2d\x64\debug\phantomengine2d.tlog\cl.write.1.tlog
c:\users\tristyn\documents\visual studio projects\phantomengine2d\phantomengine2d\x64\debug\phantomengine2d.tlog\link-cvtres.read.1.tlog
c:\users\tristyn\documents\visual studio projects\phantomengine2d\phantomengine2d\x64\debug\phantomengine2d.tlog\link-cvtres.write.1.tlog
c:\users\tristyn\documents\visual studio projects\phantomengine2d\phantomengine2d\x64\debug\phantomengine2d.tlog\link-rc.read.1.tlog
c:\users\tristyn\documents\visual studio projects\phantomengine2d\phantomengine2d\x64\debug\phantomengine2d.tlog\link-rc.write.1.tlog
c:\users\tristyn\documents\visual studio projects\phantomengine2d\phantomengine2d\x64\debug\phantomengine2d.tlog\link.21096.read.1.tlog
c:\users\tristyn\documents\visual studio projects\phantomengine2d\phantomengine2d\x64\debug\phantomengine2d.tlog\link.21096.write.1.tlog
c:\users\tristyn\documents\visual studio projects\phantomengine2d\phantomengine2d\x64\debug\phantomengine2d.tlog\link.67560.read.1.tlog
c:\users\tristyn\documents\visual studio projects\phantomengine2d\phantomengine2d\x64\debug\phantomengine2d.tlog\link.67560.write.1.tlog
c:\users\tristyn\documents\visual studio projects\phantomengine2d\phantomengine2d\x64\debug\phantomengine2d.tlog\link.70116-cvtres.read.1.tlog
c:\users\tristyn\documents\visual studio projects\phantomengine2d\phantomengine2d\x64\debug\phantomengine2d.tlog\link.70116-cvtres.write.1.tlog
c:\users\tristyn\documents\visual studio projects\phantomengine2d\phantomengine2d\x64\debug\phantomengine2d.tlog\link.70116-rc.read.1.tlog
c:\users\tristyn\documents\visual studio projects\phantomengine2d\phantomengine2d\x64\debug\phantomengine2d.tlog\link.70116-rc.write.1.tlog
c:\users\tristyn\documents\visual studio projects\phantomengine2d\phantomengine2d\x64\debug\phantomengine2d.tlog\link.70116.read.1.tlog
c:\users\tristyn\documents\visual studio projects\phantomengine2d\phantomengine2d\x64\debug\phantomengine2d.tlog\link.70116.read.2.tlog
c:\users\tristyn\documents\visual studio projects\phantomengine2d\phantomengine2d\x64\debug\phantomengine2d.tlog\link.70116.write.1.tlog
c:\users\tristyn\documents\visual studio projects\phantomengine2d\phantomengine2d\x64\debug\phantomengine2d.tlog\link.command.1.tlog
c:\users\tristyn\documents\visual studio projects\phantomengine2d\phantomengine2d\x64\debug\phantomengine2d.tlog\link.read.1.tlog
c:\users\tristyn\documents\visual studio projects\phantomengine2d\phantomengine2d\x64\debug\phantomengine2d.tlog\link.read.2.tlog
c:\users\tristyn\documents\visual studio projects\phantomengine2d\phantomengine2d\x64\debug\phantomengine2d.tlog\link.write.1.tlog
c:\users\tristyn\documents\visual studio projects\phantomengine2d\phantomengine2d\x64\debug\phantomengine2d.tlog\link.write.2u.tlog
